<?xml version="1.0" encoding="UTF-8"?>
<testng-results skipped="0" failed="0" ignored="0" total="1" passed="1">
  <reporter-output>
    <line>
      <![CDATA[Browser Window Maximized]]>
    </line>
    <line>
      <![CDATA[User Navigated to Url Sucessfully]]>
    </line>
    <line>
      <![CDATA[User Navigated to Login page]]>
    </line>
    <line>
      <![CDATA[User Login Sucessfully]]>
    </line>
    <line>
      <![CDATA[User Entered the book Sucessfully]]>
    </line>
    <line>
      <![CDATA[User Navigated to MyBooks Page Sucessfully]]>
    </line>
    <line>
      <![CDATA[User Remove the book Sucessfully]]>
    </line>
    <line>
      <![CDATA[User LOgout Sucessfully]]>
    </line>
    <line>
      <![CDATA[Browser Closed Sucessfully]]>
    </line>
  </reporter-output>
  <suite name="Default suite" duration-ms="33334" started-at="2023-08-01T16:23:05 IST" finished-at="2023-08-01T16:23:38 IST">
    <groups>
    </groups>
    <test name="Default test" duration-ms="33334" started-at="2023-08-01T16:23:05 IST" finished-at="2023-08-01T16:23:38 IST">
      <class name="Task1_Scripts.TC_001_Test">
        <test-method status="PASS" signature="LaunchBrowser()[pri:0, instance:Task1_Scripts.TC_001_Test@11758f2a]" name="LaunchBrowser" is-config="true" duration-ms="9828" started-at="2023-08-01T16:23:05 IST" finished-at="2023-08-01T16:23:15 IST">
          <reporter-output>
            <line>
              <![CDATA[Browser Window Maximized]]>
            </line>
            <line>
              <![CDATA[User Navigated to Url Sucessfully]]>
            </line>
          </reporter-output>
        </test-method> <!-- LaunchBrowser -->
        <test-method status="PASS" signature="loginPage()[pri:0, instance:Task1_Scripts.TC_001_Test@11758f2a]" name="loginPage" is-config="true" duration-ms="5655" started-at="2023-08-01T16:23:15 IST" finished-at="2023-08-01T16:23:20 IST">
          <reporter-output>
            <line>
              <![CDATA[User Navigated to Login page]]>
            </line>
            <line>
              <![CDATA[User Login Sucessfully]]>
            </line>
          </reporter-output>
        </test-method> <!-- loginPage -->
        <test-method status="PASS" signature="TestCase()[pri:0, instance:Task1_Scripts.TC_001_Test@11758f2a]" name="TestCase" duration-ms="10369" started-at="2023-08-01T16:23:20 IST" finished-at="2023-08-01T16:23:31 IST">
          <reporter-output>
            <line>
              <![CDATA[User Entered the book Sucessfully]]>
            </line>
            <line>
              <![CDATA[User Navigated to MyBooks Page Sucessfully]]>
            </line>
            <line>
              <![CDATA[User Remove the book Sucessfully]]>
            </line>
          </reporter-output>
        </test-method> <!-- TestCase -->
        <test-method status="PASS" signature="Userlogout()[pri:0, instance:Task1_Scripts.TC_001_Test@11758f2a]" name="Userlogout" is-config="true" duration-ms="6537" started-at="2023-08-01T16:23:31 IST" finished-at="2023-08-01T16:23:37 IST">
          <reporter-output>
            <line>
              <![CDATA[User LOgout Sucessfully]]>
            </line>
          </reporter-output>
        </test-method> <!-- Userlogout -->
        <test-method status="PASS" signature="TearBrowser()[pri:0, instance:Task1_Scripts.TC_001_Test@11758f2a]" name="TearBrowser" is-config="true" duration-ms="834" started-at="2023-08-01T16:23:37 IST" finished-at="2023-08-01T16:23:38 IST">
          <reporter-output>
            <line>
              <![CDATA[Browser Closed Sucessfully]]>
            </line>
          </reporter-output>
        </test-method> <!-- TearBrowser -->
      </class> <!-- Task1_Scripts.TC_001_Test -->
    </test> <!-- Default test -->
  </suite> <!-- Default suite -->
</testng-results>
